<?xml version="1.0" encoding="UTF-8"?>
<!-- Generated by org.testng.reporters.JUnitXMLReporter -->
<testsuite ignored="0" hostname="LAPTOP-9ORMJ2BP" failures="0" tests="4" name="BankIntellije" time="34.398" errors="0" timestamp="2022-08-02T09:59:34 IST">
  <testcase classname="TestClass" name="loginverify" time="4.127"/>
  <testcase classname="TestClass" name="loginverify" time="4.395"/>
  <testcase classname="TestClass" name="loginverify" time="4.256"/>
  <testcase classname="TestClass" name="loginverify" time="4.077"/>
</testsuite> <!-- BankIntellije -->
