<?xml version="1.0" encoding="UTF-8"?>
<testng-results ignored="0" total="4" passed="4" failed="0" skipped="0">
  <reporter-output>
  </reporter-output>
  <suite started-at="2022-08-02T09:59:00 IST" name="Default Suite" finished-at="2022-08-02T09:59:34 IST" duration-ms="34398">
    <groups>
    </groups>
    <test started-at="2022-08-02T09:59:00 IST" name="BankIntellije" finished-at="2022-08-02T09:59:34 IST" duration-ms="34398">
      <class name="TestClass">
        <test-method is-config="true" signature="launchbroswer()[pri:0, instance:TestClass@4e91d63f]" started-at="2022-08-02T09:59:00 IST" name="launchbroswer" finished-at="2022-08-02T09:59:14 IST" duration-ms="13867" status="PASS">
          <reporter-output>
          </reporter-output>
        </test-method> <!-- launchbroswer -->
        <test-method signature="loginverify(java.lang.String,java.lang.String)[pri:0, instance:TestClass@4e91d63f]" started-at="2022-08-02T09:59:14 IST" name="loginverify" data-provider="testdata" finished-at="2022-08-02T09:59:18 IST" duration-ms="4127" status="PASS">
          <params>
            <param index="0">
              <value>
                <![CDATA[mngr423832]]>
              </value>
            </param>
            <param index="1">
              <value>
                <![CDATA[basuvyb]]>
              </value>
            </param>
          </params>
          <reporter-output>
          </reporter-output>
        </test-method> <!-- loginverify -->
        <test-method signature="loginverify(java.lang.String,java.lang.String)[pri:0, instance:TestClass@4e91d63f]" started-at="2022-08-02T09:59:18 IST" name="loginverify" data-provider="testdata" finished-at="2022-08-02T09:59:23 IST" duration-ms="4395" status="PASS">
          <params>
            <param index="0">
              <value>
                <![CDATA[mngr423832]]>
              </value>
            </param>
            <param index="1">
              <value>
                <![CDATA[mngr423832]]>
              </value>
            </param>
          </params>
          <reporter-output>
          </reporter-output>
        </test-method> <!-- loginverify -->
        <test-method signature="loginverify(java.lang.String,java.lang.String)[pri:0, instance:TestClass@4e91d63f]" started-at="2022-08-02T09:59:23 IST" name="loginverify" data-provider="testdata" finished-at="2022-08-02T09:59:27 IST" duration-ms="4256" status="PASS">
          <params>
            <param index="0">
              <value>
                <![CDATA[lsjdt2314568]]>
              </value>
            </param>
            <param index="1">
              <value>
                <![CDATA[basuvyb]]>
              </value>
            </param>
          </params>
          <reporter-output>
          </reporter-output>
        </test-method> <!-- loginverify -->
        <test-method signature="loginverify(java.lang.String,java.lang.String)[pri:0, instance:TestClass@4e91d63f]" started-at="2022-08-02T09:59:27 IST" name="loginverify" data-provider="testdata" finished-at="2022-08-02T09:59:31 IST" duration-ms="4077" status="PASS">
          <params>
            <param index="0">
              <value>
                <![CDATA[sdlhsf]]>
              </value>
            </param>
            <param index="1">
              <value>
                <![CDATA[jsbfjsb]]>
              </value>
            </param>
          </params>
          <reporter-output>
          </reporter-output>
        </test-method> <!-- loginverify -->
        <test-method is-config="true" signature="closebrowser()[pri:0, instance:TestClass@4e91d63f]" started-at="2022-08-02T09:59:31 IST" name="closebrowser" finished-at="2022-08-02T09:59:34 IST" duration-ms="2995" status="PASS">
          <reporter-output>
          </reporter-output>
        </test-method> <!-- closebrowser -->
      </class> <!-- TestClass -->
    </test> <!-- BankIntellije -->
  </suite> <!-- Default Suite -->
</testng-results>
